<?xml version="1.0" encoding="UTF-8"?>
<!-- Generated by org.testng.reporters.JUnitReportReporter -->
<testsuite hostname="Sakhi" failures="0" tests="7" name="com.Cucutest.sample.testngrunner" time="0.317" errors="0" timestamp="2024-06-04T13:28:19 IST" skipped="0">
  <testcase classname="com.Cucutest.sample.testngrunner" name="runScenario" time="0.210"/>
  <testcase classname="com.Cucutest.sample.testngrunner" name="runScenario" time="0.016"/>
  <testcase classname="com.Cucutest.sample.testngrunner" name="runScenario" time="0.013"/>
  <testcase classname="com.Cucutest.sample.testngrunner" name="runScenario" time="0.040"/>
  <testcase classname="com.Cucutest.sample.testngrunner" name="runScenario" time="0.009"/>
  <testcase classname="com.Cucutest.sample.testngrunner" name="runScenario" time="0.013"/>
  <testcase classname="com.Cucutest.sample.testngrunner" name="runScenario" time="0.016"/>
</testsuite> <!-- com.Cucutest.sample.testngrunner -->
